[debug] [2023-01-18T05:06:47.343Z] ----------------------------------------------------------------------
[debug] [2023-01-18T05:06:47.345Z] Command:       C:\Program Files\nodejs\node.exe C:\Users\lokes\AppData\Roaming\npm\node_modules\firebase-tools\lib\bin\firebase.js deploy
[debug] [2023-01-18T05:06:47.346Z] CLI Version:   11.20.0
[debug] [2023-01-18T05:06:47.346Z] Platform:      win32
[debug] [2023-01-18T05:06:47.346Z] Node Version:  v16.13.2
[debug] [2023-01-18T05:06:47.347Z] Time:          Wed Jan 18 2023 10:36:47 GMT+0530 (India Standard Time)
[debug] [2023-01-18T05:06:47.347Z] ----------------------------------------------------------------------
[debug] 
[debug] [2023-01-18T05:06:47.433Z] > command requires scopes: ["email","openid","https://www.googleapis.com/auth/cloudplatformprojects.readonly","https://www.googleapis.com/auth/firebase","https://www.googleapis.com/auth/cloud-platform"]
[debug] [2023-01-18T05:06:47.434Z] > authorizing via signed-in user (lokeshravi2003@gmail.com)
[debug] [2023-01-18T05:06:47.434Z] [iam] checking project edufeatdemo2 for permissions ["firebase.projects.get","firebasehosting.sites.update"]
[debug] [2023-01-18T05:06:47.436Z] >>> [apiv2][query] POST https://cloudresourcemanager.googleapis.com/v1/projects/edufeatdemo2:testIamPermissions [none]
[debug] [2023-01-18T05:06:47.436Z] >>> [apiv2][(partial)header] POST https://cloudresourcemanager.googleapis.com/v1/projects/edufeatdemo2:testIamPermissions x-goog-quota-user=projects/edufeatdemo2
[debug] [2023-01-18T05:06:47.436Z] >>> [apiv2][body] POST https://cloudresourcemanager.googleapis.com/v1/projects/edufeatdemo2:testIamPermissions {"permissions":["firebase.projects.get","firebasehosting.sites.update"]}
[debug] [2023-01-18T05:06:49.153Z] <<< [apiv2][status] POST https://cloudresourcemanager.googleapis.com/v1/projects/edufeatdemo2:testIamPermissions 200
[debug] [2023-01-18T05:06:49.153Z] <<< [apiv2][body] POST https://cloudresourcemanager.googleapis.com/v1/projects/edufeatdemo2:testIamPermissions {"permissions":["firebase.projects.get","firebasehosting.sites.update"]}
[debug] [2023-01-18T05:06:49.156Z] >>> [apiv2][query] GET https://firebase.googleapis.com/v1beta1/projects/edufeatdemo2 [none]
[debug] [2023-01-18T05:06:49.796Z] <<< [apiv2][status] GET https://firebase.googleapis.com/v1beta1/projects/edufeatdemo2 200
[debug] [2023-01-18T05:06:49.797Z] <<< [apiv2][body] GET https://firebase.googleapis.com/v1beta1/projects/edufeatdemo2 {"projectId":"edufeatdemo2","projectNumber":"373572591788","displayName":"edufeatdemo2","name":"projects/edufeatdemo2","resources":{"hostingSite":"edufeatdemo2"},"state":"ACTIVE","etag":"1_3861d20b-e1b2-4767-866b-adf6c74f601c"}
[info] 
[info] === Deploying to 'edufeatdemo2'...
[info] 
[info] i  deploying hosting 
[debug] [2023-01-18T05:06:49.811Z] >>> [apiv2][query] POST https://firebasehosting.googleapis.com/v1beta1/projects/-/sites/edufeatdemo2/versions [none]
[debug] [2023-01-18T05:06:49.811Z] >>> [apiv2][body] POST https://firebasehosting.googleapis.com/v1beta1/projects/-/sites/edufeatdemo2/versions {"status":"CREATED","labels":{"deployment-tool":"cli-firebase"}}
[debug] [2023-01-18T05:06:51.287Z] <<< [apiv2][status] POST https://firebasehosting.googleapis.com/v1beta1/projects/-/sites/edufeatdemo2/versions 200
[debug] [2023-01-18T05:06:51.287Z] <<< [apiv2][body] POST https://firebasehosting.googleapis.com/v1beta1/projects/-/sites/edufeatdemo2/versions {"name":"projects/373572591788/sites/edufeatdemo2/versions/9f4bee69f9339ed0","status":"CREATED","config":{},"labels":{"deployment-tool":"cli-firebase"}}
[info] i  hosting[edufeatdemo2]: beginning deploy... 
[info] i  hosting[edufeatdemo2]: found 61 files in build 
[debug] [2023-01-18T05:06:51.336Z] [hosting] uploading with 200 concurrency
[debug] [2023-01-18T05:06:54.349Z] [hosting] hash cache [YnVpbGQ] stored for 61 files
[debug] [2023-01-18T05:06:54.349Z] [hosting][hash queue][FINAL] {"max":3003,"min":13,"avg":179.40983606557376,"active":0,"complete":61,"success":61,"errored":0,"retried":0,"total":61,"elapsed":3009}
[debug] [2023-01-18T05:06:54.349Z] >>> [apiv2][query] POST https://firebasehosting.googleapis.com/v1beta1/projects/373572591788/sites/edufeatdemo2/versions/9f4bee69f9339ed0:populateFiles [none]
[debug] [2023-01-18T05:06:54.349Z] >>> [apiv2][body] POST https://firebasehosting.googleapis.com/v1beta1/projects/373572591788/sites/edufeatdemo2/versions/9f4bee69f9339ed0:populateFiles {"files":{"/favicon.ico":"eae62e993eb980ec8a25058c39d5a51feab118bd2100c4deebb2a9c158ec11f9","/logo192.png":"3ee59515172ee198f3be375979df15ac5345183e656720a381b8872b2a39dc8b","/logo512.png":"ee7e2f3fdb8209c4b6fd7bef6ba50d1b9dba30a25bb5c3126df057e1cb6f5331","/manifest.json":"aff3449bdc238776f5d6d967f19ec491b36aed5fb7f23ccff6500736fd58494a","/robots.txt":"bfe106a3fb878dc83461c86818bf74fc1bdc7f28538ba613cd3e775516ce8b49","/asset-manifest.json":"90ba776c4210a940ac18b407e6dc973bd427db978f80cd7fd11ec44a6b9962db","/index.html":"d59732baa5d213537fd5918213f835d088d5c46f0d880e1a3b6e71578928ca6c","/static/css/main.d3104f6d.css":"ce9046843fca390c8b39159c8718c3a737325c7dfa166655e75bdf5c002ba6bb","/static/css/main.d3104f6d.css.map":"5229ab93ec6b400422ea0ddc0089f7aa3d0f9ef0c3a8faca36e8637a219fea9a","/static/js/main.30a033ba.js.LICENSE.txt":"ab253fed62012e0fe97f7c66411a572468252faac444ddbb89ea16d7385cd161","/static/media/analyticsReport.97c8bdce39ee8daae18d2654c1962b06.svg":"859e57a18784e059e6a7bd40369e74e2d98016d8719ace90d239b396f1803809","/static/media/addSectionBg2.2d8231bf0e890626b36ae87c92965779.svg":"f2de2e74e197c66c6738e64a94dff987d006e93aab73443de759ecde657246a2","/static/media/assignment.3874ca780ff7e5794d4e69cf528cab90.svg":"429df5a44f6acab676a15cde65ba83fcc4954640e378dfb76407a7c0dea0094e","/static/media/benifitwallet.240156ac87733241cf61eea6111246bd.svg":"fc810e5df35baf48ee455e815c347ea47f390016a958d78a5540b8ff828288bc","/static/media/bookLibrary.803dc172281420de088ff964279055e6.svg":"0d7477a8420bf05d63e0a69056192d50d4fa88dd3922691cbad236e1bbefa798","/static/media/completeokacceptgoodtick.c4c878a1a5c6673a7e856081f1c6e8c6.svg":"7aa0d24f1828dc6d60d3f6fba76b607ff473044ba43cb6b284672eefa2ae543e","/static/media/graduate.1cc947e3c36619e3028d107b6cf48ab8.svg":"0a8169bae5f843cbaeff8b42876e25293173dcf69c0ebbd4b1909b742ca77fc9","/static/media/Hamburger.a4b87d97ec759363e4a077a3c43b48b3.svg":"dbe7bfc48977ad805f42bdddd4efc76d3923cef7d5536fd8d5358d2db6dbe8fc","/static/media/heart.d25bb2a526ebe9181465df30e6144c20.svg":"1d0b994b4ee7f88bfb22deb105c2d96e7f961a08f195d62a7ac1da3f9a029dbb","/static/media/liveSession2.90bd95a496da5cbe89217eebc406c4dd.svg":"1896b55b6ccacd3b300df856dc3306e20b69005787776fbfa80684e8ccdd7b4b","/static/media/logo.d0045cd5234fece2b0133c17fa6f7736.svg":"97cb2f0e478d68dcb8dca54913444d07942fc4aab638e3b90e34dffa8f1bad05","/static/media/herosSectionImg2.88f448d6db1e310e2d5f6c22630ee640.svg":"516c4e81164722fe2c4c4c2354a2d05e8f18a33d537a4e811d3a6fb7599d8623","/static/media/messageStar.8cbfde0c2e4a274dd8994b44fe7bece4.svg":"6a53039ea4939bec9ac8005fe1e527ffa36ea66e52d6c6249566e90e44ae1a3a","/static/media/notebook.c621c764a01770980d17619f44e25060.svg":"f37948eaf5f9941256fcb0ccceedf16724a35bf467a31abfed7b323ce660b0f4","/static/media/paperQuill.77906667e68c5e66a08f86a87584f539.svg":"bc686703b02754d733410b853bea09a210355d84ab55c2cc52df1120bdfcc659","/static/media/Person.7c22d6caec86f5d745e18453e4f93173.svg":"8579a6bfb42d5a7d429ed95f99f586640ff41e4ffae5e3856f814be1bf519df2","/static/media/smile.033326fde828adecd40f5218dcbfa138.svg":"f86183a86b9c25a6c69c0d07f7802a7088c611b2e8946dff519315d3001758e1","/static/media/stars.b0ffed93d64d6ea83f936c6bd8a97e6c.svg":"b8ee726299fa29ad2df4f96920140c73546bdebcc43e16cb624ec94f77830551","/static/media/subjectChemicalEng.19922283bb2975bd2bb1fd7d15ebd7e8.svg":"ab3e9e6ec8e2c5cb29c4a6b9a34a03d0b5d4ca31813756268e2ea2f9df7ed156","/static/media/subjectElectrical.4a4d0709a083e373a73b849ebe956c4c.svg":"74f20dfaa35822a6679c2acf08af6b116d504b1bd610203debbd67b35dc3c518","/static/media/subjectChemistry.a2f14f4b954ccf4a0d0905e1e0a31009.svg":"bc563e9bb151cfb5405298e71d750900f6d4d9e401d95d47c3e22fd484915b20","/static/media/subjectMecEng.7d4d4ba5642f47507aabf9a56ac4511e.svg":"5938d7cada8712e645c1b5ebdbab38d869178e010b3320ed91f7398f82e025da","/static/media/subjectOther.e66d806e4410bd31b025e0eae21690a4.svg":"5c6b9a205f3fe04c4fd6d87dfe8546b4fc01a75ce2fc5b77e3ed716506c063a6","/static/media/subjectPhysics.381fdc114ebeac409441bf4285a68eee.svg":"a2801bc134f9ca166ae891f4f66e3870de195c1b3bb32c0f7b59ca411340595d","/static/media/subjectMath.a0c6f76fd88e963588b889b2f389d966.svg":"6ca6c54e6b4c62bc53cdfaf6f50fdaeec3ab2f91b9f54d143d60fe25aef7afb5","/static/media/benifitfreedom.5a78e980b0ee33d3899fc7d870a5eecb.svg":"8c1752927a2ae4b6dfcf0799543133000d97c81713ce75a3542fdc5ea8725b83","/static/media/faq.0f2642d3db28d84a813a4692dcec7b36.svg":"b2c4da54281c2561321869a1b258c7d8e84d79bf92fbfa134cdf967b8dfc3ab7","/static/media/herosection.50571d748c43533eae52b9e22c84e3cc.svg":"c23616a2bc6c6a6b3b4fd3baecb6ffa269aa1d78beb2f58e5df998b3ed1ce8c3","/static/media/aboutUsHeroSection.dd1a39e1bbae66b482bfb1f973a7b01d.svg":"dc52da4539d44f378414c8752f77ed57ff9fcf0c628c31eb03712d432c18311b","/static/media/editorimg.ae6d050260a456cd54dbed88180538c7.svg":"02a2538fbec6674eb5cd7bce32731d9dd0d201937d99da39d6e53c32761de177","/static/media/benifitknowledge.66dfed365943af9d272f580fc1ee64d5.svg":"bf42896dd290540af1d965f85366e6a33b530bab4afac0abc1bf737f3071446f","/static/media/tick2.c767cfa01d30d98fc3900a5bad93209f.svg":"436847df5154502945633df2b5c6f1e2dd9595c20f9ebe2726d3e970dddefc91","/static/media/testTubes.d8a7401aabd10783f210b8bb4ffe1c63.svg":"d7821744d9e42819c6b0ddadd3f18ade6b683e07ffe762f4be98146ef24a2135","/static/media/verified.534ae9db6dc5debae1a92d5327f37d57.svg":"2f037879372acdc740f9e9b7ecf20c704aba095b89636e4e13382652fbc0b11d","/static/media/whatsapp.952903b1d1e390b8119a26f3909d1014.svg":"ee7bec81a2d4d964382dd8b3bd2d6e1e2993ce22a901a16995555f461a2fa80a","/static/media/whitelogo.8668729c8038620540e97ca835c08ffd.svg":"b8907dd51027cbbbfd5c306b60e32ddc4f828ac065c3f46f476bc4c704651f24","/static/js/main.30a033ba.js":"c8d262e5f3c3eaa25eb82fbe804a1a6471dbf9d71ad87bfbdcfc8c24c0686af7","/static/media/person3.005d7174168c8bd521abf2293569c352.svg":"c66a06a578cc0cab59e43fbc0fbc63a181f65b11513dcf7f30d00ba8eb9a1d9d","/static/media/person8.3597f2d3b6af5d63672cbc9bf92cfa1d.svg":"0e714ec4917ddf8cc685a7492bf99ad46db8766465019a2275a506d2e445dc06","/static/media/person9.7dcaa46af9cf1a603e5d7371fd470c9b.svg":"526d047ee7f9656f911701c0633a716248d544aff52c3ab05c21037a3cfea0f0","/static/media/person4.00aca3f42f54ae565f497ef18337ccec.svg":"026065fc40f78376a4521138515aea4526105e27b2f1162f5dbb6aabe94ef04e","/static/media/person6.b373eae0a978dfbcc824a1c84f153c61.svg":"ee1b9c072b6db071ede696fbb8b00d8316ea0f3d4d84849917c6df00363a052e","/static/media/person5.a9e7454e6a38c3925f4ea3ec6b6aba5b.svg":"3751c4be630eab18543a4cceb6f61c31d973e109eaed3d457fa4575bd19aa744","/static/media/person7.61840675093f37df52619ebfba983990.svg":"80b51911277d3b6018287cceb1959590864f9e6f9d76953ad8e32084e733c5ec","/static/media/person1.09a33bc60af558bafe536461528d04d8.svg":"777ebc459cafd0f96e7bb73eb9c206cc1ca327de0b3655126d43e061aa941e5f","/static/media/Verification.bdda4b68bec55c1f8d17a8169d2593cb.svg":"a4470ed55b48e8fc5fc330692523ce13d17237888f7b3d27f42fa877fe2323f9","/static/media/Online screening.f7abd947dda465551c7af53e0580b2ba.svg":"ad7e259743685b4596bf392bb794987dbd4cbc96287c86af9e592f300c62f6ca","/static/media/expert.f9e133d3533874056f9a214a837ecc3a.svg":"1c91cb1574a9b9ded61019cd01df445c95eda9012b052ceb43f80e813bd39551","/static/media/Start answering.cea956108be3a0694aa39ce8b423e358.svg":"082f4dededa50e2f672a843409c22bc249148fd144018b1dbc629bdc05364450","/static/media/person2.beea61f4fa6e3685b275223107b31bf3.svg":"41d555117a706b86003da53afde433e1b2461ddb1414a42f1dcbf5003f97b182","/static/js/main.30a033ba.js.map":"d231dec95c1ab89a99c1f8c020e790c448e194233afada9e1c1799a250cedf60"}}
[debug] [2023-01-18T05:06:55.690Z] <<< [apiv2][status] POST https://firebasehosting.googleapis.com/v1beta1/projects/373572591788/sites/edufeatdemo2/versions/9f4bee69f9339ed0:populateFiles 200
[debug] [2023-01-18T05:06:55.690Z] <<< [apiv2][body] POST https://firebasehosting.googleapis.com/v1beta1/projects/373572591788/sites/edufeatdemo2/versions/9f4bee69f9339ed0:populateFiles {"uploadRequiredHashes":["0e714ec4917ddf8cc685a7492bf99ad46db8766465019a2275a506d2e445dc06","ee1b9c072b6db071ede696fbb8b00d8316ea0f3d4d84849917c6df00363a052e","526d047ee7f9656f911701c0633a716248d544aff52c3ab05c21037a3cfea0f0","777ebc459cafd0f96e7bb73eb9c206cc1ca327de0b3655126d43e061aa941e5f","ad7e259743685b4596bf392bb794987dbd4cbc96287c86af9e592f300c62f6ca","3751c4be630eab18543a4cceb6f61c31d973e109eaed3d457fa4575bd19aa744","082f4dededa50e2f672a843409c22bc249148fd144018b1dbc629bdc05364450","a4470ed55b48e8fc5fc330692523ce13d17237888f7b3d27f42fa877fe2323f9","c66a06a578cc0cab59e43fbc0fbc63a181f65b11513dcf7f30d00ba8eb9a1d9d","026065fc40f78376a4521138515aea4526105e27b2f1162f5dbb6aabe94ef04e","d231dec95c1ab89a99c1f8c020e790c448e194233afada9e1c1799a250cedf60","41d555117a706b86003da53afde433e1b2461ddb1414a42f1dcbf5003f97b182","1c91cb1574a9b9ded61019cd01df445c95eda9012b052ceb43f80e813bd39551","80b51911277d3b6018287cceb1959590864f9e6f9d76953ad8e32084e733c5ec"],"uploadUrl":"https://upload-firebasehosting.googleapis.com/upload/sites/edufeatdemo2/versions/9f4bee69f9339ed0/files"}
[debug] [2023-01-18T05:06:55.693Z] >>> [apiv2][query] POST https://upload-firebasehosting.googleapis.com/upload/sites/edufeatdemo2/versions/9f4bee69f9339ed0/files/0e714ec4917ddf8cc685a7492bf99ad46db8766465019a2275a506d2e445dc06 [none]
[debug] [2023-01-18T05:06:55.693Z] >>> [apiv2][body] POST https://upload-firebasehosting.googleapis.com/upload/sites/edufeatdemo2/versions/9f4bee69f9339ed0/files/0e714ec4917ddf8cc685a7492bf99ad46db8766465019a2275a506d2e445dc06 [stream]
[debug] [2023-01-18T05:06:55.694Z] >>> [apiv2][query] POST https://upload-firebasehosting.googleapis.com/upload/sites/edufeatdemo2/versions/9f4bee69f9339ed0/files/ee1b9c072b6db071ede696fbb8b00d8316ea0f3d4d84849917c6df00363a052e [none]
[debug] [2023-01-18T05:06:55.694Z] >>> [apiv2][body] POST https://upload-firebasehosting.googleapis.com/upload/sites/edufeatdemo2/versions/9f4bee69f9339ed0/files/ee1b9c072b6db071ede696fbb8b00d8316ea0f3d4d84849917c6df00363a052e [stream]
[debug] [2023-01-18T05:06:55.695Z] >>> [apiv2][query] POST https://upload-firebasehosting.googleapis.com/upload/sites/edufeatdemo2/versions/9f4bee69f9339ed0/files/526d047ee7f9656f911701c0633a716248d544aff52c3ab05c21037a3cfea0f0 [none]
[debug] [2023-01-18T05:06:55.695Z] >>> [apiv2][body] POST https://upload-firebasehosting.googleapis.com/upload/sites/edufeatdemo2/versions/9f4bee69f9339ed0/files/526d047ee7f9656f911701c0633a716248d544aff52c3ab05c21037a3cfea0f0 [stream]
[debug] [2023-01-18T05:06:55.696Z] >>> [apiv2][query] POST https://upload-firebasehosting.googleapis.com/upload/sites/edufeatdemo2/versions/9f4bee69f9339ed0/files/777ebc459cafd0f96e7bb73eb9c206cc1ca327de0b3655126d43e061aa941e5f [none]
[debug] [2023-01-18T05:06:55.696Z] >>> [apiv2][body] POST https://upload-firebasehosting.googleapis.com/upload/sites/edufeatdemo2/versions/9f4bee69f9339ed0/files/777ebc459cafd0f96e7bb73eb9c206cc1ca327de0b3655126d43e061aa941e5f [stream]
[debug] [2023-01-18T05:06:55.698Z] >>> [apiv2][query] POST https://upload-firebasehosting.googleapis.com/upload/sites/edufeatdemo2/versions/9f4bee69f9339ed0/files/ad7e259743685b4596bf392bb794987dbd4cbc96287c86af9e592f300c62f6ca [none]
[debug] [2023-01-18T05:06:55.698Z] >>> [apiv2][body] POST https://upload-firebasehosting.googleapis.com/upload/sites/edufeatdemo2/versions/9f4bee69f9339ed0/files/ad7e259743685b4596bf392bb794987dbd4cbc96287c86af9e592f300c62f6ca [stream]
[debug] [2023-01-18T05:06:55.699Z] >>> [apiv2][query] POST https://upload-firebasehosting.googleapis.com/upload/sites/edufeatdemo2/versions/9f4bee69f9339ed0/files/3751c4be630eab18543a4cceb6f61c31d973e109eaed3d457fa4575bd19aa744 [none]
[debug] [2023-01-18T05:06:55.699Z] >>> [apiv2][body] POST https://upload-firebasehosting.googleapis.com/upload/sites/edufeatdemo2/versions/9f4bee69f9339ed0/files/3751c4be630eab18543a4cceb6f61c31d973e109eaed3d457fa4575bd19aa744 [stream]
[debug] [2023-01-18T05:06:55.701Z] >>> [apiv2][query] POST https://upload-firebasehosting.googleapis.com/upload/sites/edufeatdemo2/versions/9f4bee69f9339ed0/files/082f4dededa50e2f672a843409c22bc249148fd144018b1dbc629bdc05364450 [none]
[debug] [2023-01-18T05:06:55.701Z] >>> [apiv2][body] POST https://upload-firebasehosting.googleapis.com/upload/sites/edufeatdemo2/versions/9f4bee69f9339ed0/files/082f4dededa50e2f672a843409c22bc249148fd144018b1dbc629bdc05364450 [stream]
[debug] [2023-01-18T05:06:55.702Z] >>> [apiv2][query] POST https://upload-firebasehosting.googleapis.com/upload/sites/edufeatdemo2/versions/9f4bee69f9339ed0/files/a4470ed55b48e8fc5fc330692523ce13d17237888f7b3d27f42fa877fe2323f9 [none]
[debug] [2023-01-18T05:06:55.702Z] >>> [apiv2][body] POST https://upload-firebasehosting.googleapis.com/upload/sites/edufeatdemo2/versions/9f4bee69f9339ed0/files/a4470ed55b48e8fc5fc330692523ce13d17237888f7b3d27f42fa877fe2323f9 [stream]
[debug] [2023-01-18T05:06:55.703Z] >>> [apiv2][query] POST https://upload-firebasehosting.googleapis.com/upload/sites/edufeatdemo2/versions/9f4bee69f9339ed0/files/c66a06a578cc0cab59e43fbc0fbc63a181f65b11513dcf7f30d00ba8eb9a1d9d [none]
[debug] [2023-01-18T05:06:55.703Z] >>> [apiv2][body] POST https://upload-firebasehosting.googleapis.com/upload/sites/edufeatdemo2/versions/9f4bee69f9339ed0/files/c66a06a578cc0cab59e43fbc0fbc63a181f65b11513dcf7f30d00ba8eb9a1d9d [stream]
[debug] [2023-01-18T05:06:55.703Z] >>> [apiv2][query] POST https://upload-firebasehosting.googleapis.com/upload/sites/edufeatdemo2/versions/9f4bee69f9339ed0/files/026065fc40f78376a4521138515aea4526105e27b2f1162f5dbb6aabe94ef04e [none]
[debug] [2023-01-18T05:06:55.704Z] >>> [apiv2][body] POST https://upload-firebasehosting.googleapis.com/upload/sites/edufeatdemo2/versions/9f4bee69f9339ed0/files/026065fc40f78376a4521138515aea4526105e27b2f1162f5dbb6aabe94ef04e [stream]
[debug] [2023-01-18T05:06:55.704Z] >>> [apiv2][query] POST https://upload-firebasehosting.googleapis.com/upload/sites/edufeatdemo2/versions/9f4bee69f9339ed0/files/d231dec95c1ab89a99c1f8c020e790c448e194233afada9e1c1799a250cedf60 [none]
[debug] [2023-01-18T05:06:55.705Z] >>> [apiv2][body] POST https://upload-firebasehosting.googleapis.com/upload/sites/edufeatdemo2/versions/9f4bee69f9339ed0/files/d231dec95c1ab89a99c1f8c020e790c448e194233afada9e1c1799a250cedf60 [stream]
[debug] [2023-01-18T05:06:55.705Z] >>> [apiv2][query] POST https://upload-firebasehosting.googleapis.com/upload/sites/edufeatdemo2/versions/9f4bee69f9339ed0/files/41d555117a706b86003da53afde433e1b2461ddb1414a42f1dcbf5003f97b182 [none]
[debug] [2023-01-18T05:06:55.705Z] >>> [apiv2][body] POST https://upload-firebasehosting.googleapis.com/upload/sites/edufeatdemo2/versions/9f4bee69f9339ed0/files/41d555117a706b86003da53afde433e1b2461ddb1414a42f1dcbf5003f97b182 [stream]
[debug] [2023-01-18T05:06:55.706Z] >>> [apiv2][query] POST https://upload-firebasehosting.googleapis.com/upload/sites/edufeatdemo2/versions/9f4bee69f9339ed0/files/1c91cb1574a9b9ded61019cd01df445c95eda9012b052ceb43f80e813bd39551 [none]
[debug] [2023-01-18T05:06:55.706Z] >>> [apiv2][body] POST https://upload-firebasehosting.googleapis.com/upload/sites/edufeatdemo2/versions/9f4bee69f9339ed0/files/1c91cb1574a9b9ded61019cd01df445c95eda9012b052ceb43f80e813bd39551 [stream]
[debug] [2023-01-18T05:06:55.710Z] >>> [apiv2][query] POST https://upload-firebasehosting.googleapis.com/upload/sites/edufeatdemo2/versions/9f4bee69f9339ed0/files/80b51911277d3b6018287cceb1959590864f9e6f9d76953ad8e32084e733c5ec [none]
[debug] [2023-01-18T05:06:55.710Z] >>> [apiv2][body] POST https://upload-firebasehosting.googleapis.com/upload/sites/edufeatdemo2/versions/9f4bee69f9339ed0/files/80b51911277d3b6018287cceb1959590864f9e6f9d76953ad8e32084e733c5ec [stream]
[debug] [2023-01-18T05:06:55.711Z] [hosting][populate queue][FINAL] {"max":1346,"min":1346,"avg":1346,"active":0,"complete":1,"success":1,"errored":0,"retried":0,"total":1,"elapsed":1364}
[debug] [2023-01-18T05:06:55.711Z] [hosting] uploads queued: 14
[debug] [2023-01-18T05:07:06.500Z] [uploadQueue] Retrying task 41d555117a706b86003da53afde433e1b2461ddb1414a42f1dcbf5003f97b182
[debug] [2023-01-18T05:07:06.502Z] >>> [apiv2][query] POST https://upload-firebasehosting.googleapis.com/upload/sites/edufeatdemo2/versions/9f4bee69f9339ed0/files/41d555117a706b86003da53afde433e1b2461ddb1414a42f1dcbf5003f97b182 [none]
[debug] [2023-01-18T05:07:06.503Z] >>> [apiv2][body] POST https://upload-firebasehosting.googleapis.com/upload/sites/edufeatdemo2/versions/9f4bee69f9339ed0/files/41d555117a706b86003da53afde433e1b2461ddb1414a42f1dcbf5003f97b182 [stream]
[debug] [2023-01-18T05:07:26.107Z] [uploadQueue] Retrying task 0e714ec4917ddf8cc685a7492bf99ad46db8766465019a2275a506d2e445dc06
[debug] [2023-01-18T05:07:26.109Z] >>> [apiv2][query] POST https://upload-firebasehosting.googleapis.com/upload/sites/edufeatdemo2/versions/9f4bee69f9339ed0/files/0e714ec4917ddf8cc685a7492bf99ad46db8766465019a2275a506d2e445dc06 [none]
[debug] [2023-01-18T05:07:26.109Z] >>> [apiv2][body] POST https://upload-firebasehosting.googleapis.com/upload/sites/edufeatdemo2/versions/9f4bee69f9339ed0/files/0e714ec4917ddf8cc685a7492bf99ad46db8766465019a2275a506d2e445dc06 [stream]
[debug] [2023-01-18T05:07:26.112Z] [uploadQueue] Retrying task ee1b9c072b6db071ede696fbb8b00d8316ea0f3d4d84849917c6df00363a052e
[debug] [2023-01-18T05:07:26.113Z] >>> [apiv2][query] POST https://upload-firebasehosting.googleapis.com/upload/sites/edufeatdemo2/versions/9f4bee69f9339ed0/files/ee1b9c072b6db071ede696fbb8b00d8316ea0f3d4d84849917c6df00363a052e [none]
[debug] [2023-01-18T05:07:26.113Z] >>> [apiv2][body] POST https://upload-firebasehosting.googleapis.com/upload/sites/edufeatdemo2/versions/9f4bee69f9339ed0/files/ee1b9c072b6db071ede696fbb8b00d8316ea0f3d4d84849917c6df00363a052e [stream]
[debug] [2023-01-18T05:07:26.116Z] [uploadQueue] Retrying task 526d047ee7f9656f911701c0633a716248d544aff52c3ab05c21037a3cfea0f0
[debug] [2023-01-18T05:07:26.117Z] >>> [apiv2][query] POST https://upload-firebasehosting.googleapis.com/upload/sites/edufeatdemo2/versions/9f4bee69f9339ed0/files/526d047ee7f9656f911701c0633a716248d544aff52c3ab05c21037a3cfea0f0 [none]
[debug] [2023-01-18T05:07:26.117Z] >>> [apiv2][body] POST https://upload-firebasehosting.googleapis.com/upload/sites/edufeatdemo2/versions/9f4bee69f9339ed0/files/526d047ee7f9656f911701c0633a716248d544aff52c3ab05c21037a3cfea0f0 [stream]
[debug] [2023-01-18T05:07:26.121Z] [uploadQueue] Retrying task 777ebc459cafd0f96e7bb73eb9c206cc1ca327de0b3655126d43e061aa941e5f
[debug] [2023-01-18T05:07:26.122Z] >>> [apiv2][query] POST https://upload-firebasehosting.googleapis.com/upload/sites/edufeatdemo2/versions/9f4bee69f9339ed0/files/777ebc459cafd0f96e7bb73eb9c206cc1ca327de0b3655126d43e061aa941e5f [none]
[debug] [2023-01-18T05:07:26.122Z] >>> [apiv2][body] POST https://upload-firebasehosting.googleapis.com/upload/sites/edufeatdemo2/versions/9f4bee69f9339ed0/files/777ebc459cafd0f96e7bb73eb9c206cc1ca327de0b3655126d43e061aa941e5f [stream]
[debug] [2023-01-18T05:07:26.128Z] [uploadQueue] Retrying task 3751c4be630eab18543a4cceb6f61c31d973e109eaed3d457fa4575bd19aa744
[debug] [2023-01-18T05:07:26.129Z] >>> [apiv2][query] POST https://upload-firebasehosting.googleapis.com/upload/sites/edufeatdemo2/versions/9f4bee69f9339ed0/files/3751c4be630eab18543a4cceb6f61c31d973e109eaed3d457fa4575bd19aa744 [none]
[debug] [2023-01-18T05:07:26.130Z] >>> [apiv2][body] POST https://upload-firebasehosting.googleapis.com/upload/sites/edufeatdemo2/versions/9f4bee69f9339ed0/files/3751c4be630eab18543a4cceb6f61c31d973e109eaed3d457fa4575bd19aa744 [stream]
[debug] [2023-01-18T05:07:26.133Z] [uploadQueue] Retrying task c66a06a578cc0cab59e43fbc0fbc63a181f65b11513dcf7f30d00ba8eb9a1d9d
[debug] [2023-01-18T05:07:26.135Z] >>> [apiv2][query] POST https://upload-firebasehosting.googleapis.com/upload/sites/edufeatdemo2/versions/9f4bee69f9339ed0/files/c66a06a578cc0cab59e43fbc0fbc63a181f65b11513dcf7f30d00ba8eb9a1d9d [none]
[debug] [2023-01-18T05:07:26.135Z] >>> [apiv2][body] POST https://upload-firebasehosting.googleapis.com/upload/sites/edufeatdemo2/versions/9f4bee69f9339ed0/files/c66a06a578cc0cab59e43fbc0fbc63a181f65b11513dcf7f30d00ba8eb9a1d9d [stream]
[debug] [2023-01-18T05:07:26.138Z] [uploadQueue] Retrying task 026065fc40f78376a4521138515aea4526105e27b2f1162f5dbb6aabe94ef04e
[debug] [2023-01-18T05:07:26.140Z] >>> [apiv2][query] POST https://upload-firebasehosting.googleapis.com/upload/sites/edufeatdemo2/versions/9f4bee69f9339ed0/files/026065fc40f78376a4521138515aea4526105e27b2f1162f5dbb6aabe94ef04e [none]
[debug] [2023-01-18T05:07:26.141Z] >>> [apiv2][body] POST https://upload-firebasehosting.googleapis.com/upload/sites/edufeatdemo2/versions/9f4bee69f9339ed0/files/026065fc40f78376a4521138515aea4526105e27b2f1162f5dbb6aabe94ef04e [stream]
[debug] [2023-01-18T05:07:26.144Z] [uploadQueue] Retrying task 80b51911277d3b6018287cceb1959590864f9e6f9d76953ad8e32084e733c5ec
[debug] [2023-01-18T05:07:26.145Z] >>> [apiv2][query] POST https://upload-firebasehosting.googleapis.com/upload/sites/edufeatdemo2/versions/9f4bee69f9339ed0/files/80b51911277d3b6018287cceb1959590864f9e6f9d76953ad8e32084e733c5ec [none]
[debug] [2023-01-18T05:07:26.145Z] >>> [apiv2][body] POST https://upload-firebasehosting.googleapis.com/upload/sites/edufeatdemo2/versions/9f4bee69f9339ed0/files/80b51911277d3b6018287cceb1959590864f9e6f9d76953ad8e32084e733c5ec [stream]
[debug] [2023-01-18T05:07:28.368Z] [uploadQueue] Retrying task 41d555117a706b86003da53afde433e1b2461ddb1414a42f1dcbf5003f97b182
[debug] [2023-01-18T05:07:28.371Z] >>> [apiv2][query] POST https://upload-firebasehosting.googleapis.com/upload/sites/edufeatdemo2/versions/9f4bee69f9339ed0/files/41d555117a706b86003da53afde433e1b2461ddb1414a42f1dcbf5003f97b182 [none]
[debug] [2023-01-18T05:07:28.371Z] >>> [apiv2][body] POST https://upload-firebasehosting.googleapis.com/upload/sites/edufeatdemo2/versions/9f4bee69f9339ed0/files/41d555117a706b86003da53afde433e1b2461ddb1414a42f1dcbf5003f97b182 [stream]
[debug] [2023-01-18T05:07:34.035Z] [uploadQueue] Retrying task a4470ed55b48e8fc5fc330692523ce13d17237888f7b3d27f42fa877fe2323f9
[debug] [2023-01-18T05:07:34.036Z] >>> [apiv2][query] POST https://upload-firebasehosting.googleapis.com/upload/sites/edufeatdemo2/versions/9f4bee69f9339ed0/files/a4470ed55b48e8fc5fc330692523ce13d17237888f7b3d27f42fa877fe2323f9 [none]
[debug] [2023-01-18T05:07:34.037Z] >>> [apiv2][body] POST https://upload-firebasehosting.googleapis.com/upload/sites/edufeatdemo2/versions/9f4bee69f9339ed0/files/a4470ed55b48e8fc5fc330692523ce13d17237888f7b3d27f42fa877fe2323f9 [stream]
[debug] [2023-01-18T05:07:35.753Z] [uploadQueue] Retrying task ad7e259743685b4596bf392bb794987dbd4cbc96287c86af9e592f300c62f6ca
[debug] [2023-01-18T05:07:35.753Z] >>> [apiv2][query] POST https://upload-firebasehosting.googleapis.com/upload/sites/edufeatdemo2/versions/9f4bee69f9339ed0/files/ad7e259743685b4596bf392bb794987dbd4cbc96287c86af9e592f300c62f6ca [none]
[debug] [2023-01-18T05:07:35.753Z] >>> [apiv2][body] POST https://upload-firebasehosting.googleapis.com/upload/sites/edufeatdemo2/versions/9f4bee69f9339ed0/files/ad7e259743685b4596bf392bb794987dbd4cbc96287c86af9e592f300c62f6ca [stream]
[debug] [2023-01-18T05:07:43.404Z] [uploadQueue] Retrying task 1c91cb1574a9b9ded61019cd01df445c95eda9012b052ceb43f80e813bd39551
[debug] [2023-01-18T05:07:43.404Z] >>> [apiv2][query] POST https://upload-firebasehosting.googleapis.com/upload/sites/edufeatdemo2/versions/9f4bee69f9339ed0/files/1c91cb1574a9b9ded61019cd01df445c95eda9012b052ceb43f80e813bd39551 [none]
[debug] [2023-01-18T05:07:43.404Z] >>> [apiv2][body] POST https://upload-firebasehosting.googleapis.com/upload/sites/edufeatdemo2/versions/9f4bee69f9339ed0/files/1c91cb1574a9b9ded61019cd01df445c95eda9012b052ceb43f80e813bd39551 [stream]
[debug] [2023-01-18T05:07:56.919Z] [uploadQueue] Retrying task 0e714ec4917ddf8cc685a7492bf99ad46db8766465019a2275a506d2e445dc06
[debug] [2023-01-18T05:07:56.920Z] >>> [apiv2][query] POST https://upload-firebasehosting.googleapis.com/upload/sites/edufeatdemo2/versions/9f4bee69f9339ed0/files/0e714ec4917ddf8cc685a7492bf99ad46db8766465019a2275a506d2e445dc06 [none]
[debug] [2023-01-18T05:07:56.921Z] >>> [apiv2][body] POST https://upload-firebasehosting.googleapis.com/upload/sites/edufeatdemo2/versions/9f4bee69f9339ed0/files/0e714ec4917ddf8cc685a7492bf99ad46db8766465019a2275a506d2e445dc06 [stream]
[debug] [2023-01-18T05:07:56.923Z] [uploadQueue] Retrying task ee1b9c072b6db071ede696fbb8b00d8316ea0f3d4d84849917c6df00363a052e
[debug] [2023-01-18T05:07:56.924Z] >>> [apiv2][query] POST https://upload-firebasehosting.googleapis.com/upload/sites/edufeatdemo2/versions/9f4bee69f9339ed0/files/ee1b9c072b6db071ede696fbb8b00d8316ea0f3d4d84849917c6df00363a052e [none]
[debug] [2023-01-18T05:07:56.924Z] >>> [apiv2][body] POST https://upload-firebasehosting.googleapis.com/upload/sites/edufeatdemo2/versions/9f4bee69f9339ed0/files/ee1b9c072b6db071ede696fbb8b00d8316ea0f3d4d84849917c6df00363a052e [stream]
[debug] [2023-01-18T05:07:56.927Z] [uploadQueue] Retrying task 526d047ee7f9656f911701c0633a716248d544aff52c3ab05c21037a3cfea0f0
[debug] [2023-01-18T05:07:56.927Z] >>> [apiv2][query] POST https://upload-firebasehosting.googleapis.com/upload/sites/edufeatdemo2/versions/9f4bee69f9339ed0/files/526d047ee7f9656f911701c0633a716248d544aff52c3ab05c21037a3cfea0f0 [none]
[debug] [2023-01-18T05:07:56.928Z] >>> [apiv2][body] POST https://upload-firebasehosting.googleapis.com/upload/sites/edufeatdemo2/versions/9f4bee69f9339ed0/files/526d047ee7f9656f911701c0633a716248d544aff52c3ab05c21037a3cfea0f0 [stream]
[debug] [2023-01-18T05:07:56.930Z] [uploadQueue] Retrying task 777ebc459cafd0f96e7bb73eb9c206cc1ca327de0b3655126d43e061aa941e5f
[debug] [2023-01-18T05:07:56.931Z] >>> [apiv2][query] POST https://upload-firebasehosting.googleapis.com/upload/sites/edufeatdemo2/versions/9f4bee69f9339ed0/files/777ebc459cafd0f96e7bb73eb9c206cc1ca327de0b3655126d43e061aa941e5f [none]
[debug] [2023-01-18T05:07:56.931Z] >>> [apiv2][body] POST https://upload-firebasehosting.googleapis.com/upload/sites/edufeatdemo2/versions/9f4bee69f9339ed0/files/777ebc459cafd0f96e7bb73eb9c206cc1ca327de0b3655126d43e061aa941e5f [stream]
[debug] [2023-01-18T05:07:56.949Z] [uploadQueue] Retrying task 3751c4be630eab18543a4cceb6f61c31d973e109eaed3d457fa4575bd19aa744
[debug] [2023-01-18T05:07:56.950Z] >>> [apiv2][query] POST https://upload-firebasehosting.googleapis.com/upload/sites/edufeatdemo2/versions/9f4bee69f9339ed0/files/3751c4be630eab18543a4cceb6f61c31d973e109eaed3d457fa4575bd19aa744 [none]
[debug] [2023-01-18T05:07:56.950Z] >>> [apiv2][body] POST https://upload-firebasehosting.googleapis.com/upload/sites/edufeatdemo2/versions/9f4bee69f9339ed0/files/3751c4be630eab18543a4cceb6f61c31d973e109eaed3d457fa4575bd19aa744 [stream]
[debug] [2023-01-18T05:07:56.952Z] [uploadQueue] Retrying task c66a06a578cc0cab59e43fbc0fbc63a181f65b11513dcf7f30d00ba8eb9a1d9d
[debug] [2023-01-18T05:07:56.952Z] >>> [apiv2][query] POST https://upload-firebasehosting.googleapis.com/upload/sites/edufeatdemo2/versions/9f4bee69f9339ed0/files/c66a06a578cc0cab59e43fbc0fbc63a181f65b11513dcf7f30d00ba8eb9a1d9d [none]
[debug] [2023-01-18T05:07:56.952Z] >>> [apiv2][body] POST https://upload-firebasehosting.googleapis.com/upload/sites/edufeatdemo2/versions/9f4bee69f9339ed0/files/c66a06a578cc0cab59e43fbc0fbc63a181f65b11513dcf7f30d00ba8eb9a1d9d [stream]
[debug] [2023-01-18T05:07:56.953Z] [uploadQueue] Retrying task 026065fc40f78376a4521138515aea4526105e27b2f1162f5dbb6aabe94ef04e
[debug] [2023-01-18T05:07:56.953Z] >>> [apiv2][query] POST https://upload-firebasehosting.googleapis.com/upload/sites/edufeatdemo2/versions/9f4bee69f9339ed0/files/026065fc40f78376a4521138515aea4526105e27b2f1162f5dbb6aabe94ef04e [none]
[debug] [2023-01-18T05:07:56.953Z] >>> [apiv2][body] POST https://upload-firebasehosting.googleapis.com/upload/sites/edufeatdemo2/versions/9f4bee69f9339ed0/files/026065fc40f78376a4521138515aea4526105e27b2f1162f5dbb6aabe94ef04e [stream]
[debug] [2023-01-18T05:07:56.954Z] [uploadQueue] Retrying task 80b51911277d3b6018287cceb1959590864f9e6f9d76953ad8e32084e733c5ec
[debug] [2023-01-18T05:07:56.954Z] >>> [apiv2][query] POST https://upload-firebasehosting.googleapis.com/upload/sites/edufeatdemo2/versions/9f4bee69f9339ed0/files/80b51911277d3b6018287cceb1959590864f9e6f9d76953ad8e32084e733c5ec [none]
[debug] [2023-01-18T05:07:56.954Z] >>> [apiv2][body] POST https://upload-firebasehosting.googleapis.com/upload/sites/edufeatdemo2/versions/9f4bee69f9339ed0/files/80b51911277d3b6018287cceb1959590864f9e6f9d76953ad8e32084e733c5ec [stream]
[debug] [2023-01-18T05:08:01.035Z] [uploadQueue] Retrying task 082f4dededa50e2f672a843409c22bc249148fd144018b1dbc629bdc05364450
[debug] [2023-01-18T05:08:01.037Z] >>> [apiv2][query] POST https://upload-firebasehosting.googleapis.com/upload/sites/edufeatdemo2/versions/9f4bee69f9339ed0/files/082f4dededa50e2f672a843409c22bc249148fd144018b1dbc629bdc05364450 [none]
[debug] [2023-01-18T05:08:01.037Z] >>> [apiv2][body] POST https://upload-firebasehosting.googleapis.com/upload/sites/edufeatdemo2/versions/9f4bee69f9339ed0/files/082f4dededa50e2f672a843409c22bc249148fd144018b1dbc629bdc05364450 [stream]
[debug] [2023-01-18T05:08:12.782Z] [uploadQueue] Retrying task a4470ed55b48e8fc5fc330692523ce13d17237888f7b3d27f42fa877fe2323f9
[debug] [2023-01-18T05:08:12.784Z] >>> [apiv2][query] POST https://upload-firebasehosting.googleapis.com/upload/sites/edufeatdemo2/versions/9f4bee69f9339ed0/files/a4470ed55b48e8fc5fc330692523ce13d17237888f7b3d27f42fa877fe2323f9 [none]
[debug] [2023-01-18T05:08:12.784Z] >>> [apiv2][body] POST https://upload-firebasehosting.googleapis.com/upload/sites/edufeatdemo2/versions/9f4bee69f9339ed0/files/a4470ed55b48e8fc5fc330692523ce13d17237888f7b3d27f42fa877fe2323f9 [stream]
[debug] [2023-01-18T05:08:17.520Z] [uploadQueue] Retrying task ad7e259743685b4596bf392bb794987dbd4cbc96287c86af9e592f300c62f6ca
[debug] [2023-01-18T05:08:17.521Z] >>> [apiv2][query] POST https://upload-firebasehosting.googleapis.com/upload/sites/edufeatdemo2/versions/9f4bee69f9339ed0/files/ad7e259743685b4596bf392bb794987dbd4cbc96287c86af9e592f300c62f6ca [none]
[debug] [2023-01-18T05:08:17.522Z] >>> [apiv2][body] POST https://upload-firebasehosting.googleapis.com/upload/sites/edufeatdemo2/versions/9f4bee69f9339ed0/files/ad7e259743685b4596bf392bb794987dbd4cbc96287c86af9e592f300c62f6ca [stream]
[debug] [2023-01-18T05:08:28.551Z] [uploadQueue] Retrying task 0e714ec4917ddf8cc685a7492bf99ad46db8766465019a2275a506d2e445dc06
[debug] [2023-01-18T05:08:28.552Z] >>> [apiv2][query] POST https://upload-firebasehosting.googleapis.com/upload/sites/edufeatdemo2/versions/9f4bee69f9339ed0/files/0e714ec4917ddf8cc685a7492bf99ad46db8766465019a2275a506d2e445dc06 [none]
[debug] [2023-01-18T05:08:28.552Z] >>> [apiv2][body] POST https://upload-firebasehosting.googleapis.com/upload/sites/edufeatdemo2/versions/9f4bee69f9339ed0/files/0e714ec4917ddf8cc685a7492bf99ad46db8766465019a2275a506d2e445dc06 [stream]
[debug] [2023-01-18T05:08:28.556Z] [uploadQueue] Retrying task ee1b9c072b6db071ede696fbb8b00d8316ea0f3d4d84849917c6df00363a052e
[debug] [2023-01-18T05:08:28.557Z] >>> [apiv2][query] POST https://upload-firebasehosting.googleapis.com/upload/sites/edufeatdemo2/versions/9f4bee69f9339ed0/files/ee1b9c072b6db071ede696fbb8b00d8316ea0f3d4d84849917c6df00363a052e [none]
[debug] [2023-01-18T05:08:28.557Z] >>> [apiv2][body] POST https://upload-firebasehosting.googleapis.com/upload/sites/edufeatdemo2/versions/9f4bee69f9339ed0/files/ee1b9c072b6db071ede696fbb8b00d8316ea0f3d4d84849917c6df00363a052e [stream]
[debug] [2023-01-18T05:08:28.559Z] [uploadQueue] Retrying task 526d047ee7f9656f911701c0633a716248d544aff52c3ab05c21037a3cfea0f0
[debug] [2023-01-18T05:08:28.560Z] >>> [apiv2][query] POST https://upload-firebasehosting.googleapis.com/upload/sites/edufeatdemo2/versions/9f4bee69f9339ed0/files/526d047ee7f9656f911701c0633a716248d544aff52c3ab05c21037a3cfea0f0 [none]
[debug] [2023-01-18T05:08:28.561Z] >>> [apiv2][body] POST https://upload-firebasehosting.googleapis.com/upload/sites/edufeatdemo2/versions/9f4bee69f9339ed0/files/526d047ee7f9656f911701c0633a716248d544aff52c3ab05c21037a3cfea0f0 [stream]
[debug] [2023-01-18T05:08:28.563Z] [uploadQueue] Retrying task 777ebc459cafd0f96e7bb73eb9c206cc1ca327de0b3655126d43e061aa941e5f
[debug] [2023-01-18T05:08:28.566Z] >>> [apiv2][query] POST https://upload-firebasehosting.googleapis.com/upload/sites/edufeatdemo2/versions/9f4bee69f9339ed0/files/777ebc459cafd0f96e7bb73eb9c206cc1ca327de0b3655126d43e061aa941e5f [none]
[debug] [2023-01-18T05:08:28.566Z] >>> [apiv2][body] POST https://upload-firebasehosting.googleapis.com/upload/sites/edufeatdemo2/versions/9f4bee69f9339ed0/files/777ebc459cafd0f96e7bb73eb9c206cc1ca327de0b3655126d43e061aa941e5f [stream]
[debug] [2023-01-18T05:08:28.567Z] [uploadQueue] Retrying task 3751c4be630eab18543a4cceb6f61c31d973e109eaed3d457fa4575bd19aa744
[debug] [2023-01-18T05:08:28.568Z] >>> [apiv2][query] POST https://upload-firebasehosting.googleapis.com/upload/sites/edufeatdemo2/versions/9f4bee69f9339ed0/files/3751c4be630eab18543a4cceb6f61c31d973e109eaed3d457fa4575bd19aa744 [none]
[debug] [2023-01-18T05:08:28.568Z] >>> [apiv2][body] POST https://upload-firebasehosting.googleapis.com/upload/sites/edufeatdemo2/versions/9f4bee69f9339ed0/files/3751c4be630eab18543a4cceb6f61c31d973e109eaed3d457fa4575bd19aa744 [stream]
[debug] [2023-01-18T05:08:28.569Z] [uploadQueue] Retrying task c66a06a578cc0cab59e43fbc0fbc63a181f65b11513dcf7f30d00ba8eb9a1d9d
[debug] [2023-01-18T05:08:28.570Z] >>> [apiv2][query] POST https://upload-firebasehosting.googleapis.com/upload/sites/edufeatdemo2/versions/9f4bee69f9339ed0/files/c66a06a578cc0cab59e43fbc0fbc63a181f65b11513dcf7f30d00ba8eb9a1d9d [none]
[debug] [2023-01-18T05:08:28.570Z] >>> [apiv2][body] POST https://upload-firebasehosting.googleapis.com/upload/sites/edufeatdemo2/versions/9f4bee69f9339ed0/files/c66a06a578cc0cab59e43fbc0fbc63a181f65b11513dcf7f30d00ba8eb9a1d9d [stream]
[debug] [2023-01-18T05:08:28.571Z] [uploadQueue] Retrying task 026065fc40f78376a4521138515aea4526105e27b2f1162f5dbb6aabe94ef04e
[debug] [2023-01-18T05:08:28.572Z] >>> [apiv2][query] POST https://upload-firebasehosting.googleapis.com/upload/sites/edufeatdemo2/versions/9f4bee69f9339ed0/files/026065fc40f78376a4521138515aea4526105e27b2f1162f5dbb6aabe94ef04e [none]
[debug] [2023-01-18T05:08:28.572Z] >>> [apiv2][body] POST https://upload-firebasehosting.googleapis.com/upload/sites/edufeatdemo2/versions/9f4bee69f9339ed0/files/026065fc40f78376a4521138515aea4526105e27b2f1162f5dbb6aabe94ef04e [stream]
[debug] [2023-01-18T05:08:28.573Z] [uploadQueue] Retrying task 80b51911277d3b6018287cceb1959590864f9e6f9d76953ad8e32084e733c5ec
[debug] [2023-01-18T05:08:28.573Z] >>> [apiv2][query] POST https://upload-firebasehosting.googleapis.com/upload/sites/edufeatdemo2/versions/9f4bee69f9339ed0/files/80b51911277d3b6018287cceb1959590864f9e6f9d76953ad8e32084e733c5ec [none]
[debug] [2023-01-18T05:08:28.573Z] >>> [apiv2][body] POST https://upload-firebasehosting.googleapis.com/upload/sites/edufeatdemo2/versions/9f4bee69f9339ed0/files/80b51911277d3b6018287cceb1959590864f9e6f9d76953ad8e32084e733c5ec [stream]
[debug] [2023-01-18T05:08:31.518Z] [uploadQueue] Retrying task 1c91cb1574a9b9ded61019cd01df445c95eda9012b052ceb43f80e813bd39551
[debug] [2023-01-18T05:08:31.519Z] >>> [apiv2][query] POST https://upload-firebasehosting.googleapis.com/upload/sites/edufeatdemo2/versions/9f4bee69f9339ed0/files/1c91cb1574a9b9ded61019cd01df445c95eda9012b052ceb43f80e813bd39551 [none]
[debug] [2023-01-18T05:08:31.520Z] >>> [apiv2][body] POST https://upload-firebasehosting.googleapis.com/upload/sites/edufeatdemo2/versions/9f4bee69f9339ed0/files/1c91cb1574a9b9ded61019cd01df445c95eda9012b052ceb43f80e813bd39551 [stream]
[debug] [2023-01-18T05:08:52.332Z] [uploadQueue] Retrying task a4470ed55b48e8fc5fc330692523ce13d17237888f7b3d27f42fa877fe2323f9
[debug] [2023-01-18T05:08:52.334Z] >>> [apiv2][query] POST https://upload-firebasehosting.googleapis.com/upload/sites/edufeatdemo2/versions/9f4bee69f9339ed0/files/a4470ed55b48e8fc5fc330692523ce13d17237888f7b3d27f42fa877fe2323f9 [none]
[debug] [2023-01-18T05:08:52.334Z] >>> [apiv2][body] POST https://upload-firebasehosting.googleapis.com/upload/sites/edufeatdemo2/versions/9f4bee69f9339ed0/files/a4470ed55b48e8fc5fc330692523ce13d17237888f7b3d27f42fa877fe2323f9 [stream]
[debug] [2023-01-18T05:09:00.097Z] [uploadQueue] Retrying task ad7e259743685b4596bf392bb794987dbd4cbc96287c86af9e592f300c62f6ca
[debug] [2023-01-18T05:09:00.097Z] >>> [apiv2][query] POST https://upload-firebasehosting.googleapis.com/upload/sites/edufeatdemo2/versions/9f4bee69f9339ed0/files/ad7e259743685b4596bf392bb794987dbd4cbc96287c86af9e592f300c62f6ca [none]
[debug] [2023-01-18T05:09:00.097Z] >>> [apiv2][body] POST https://upload-firebasehosting.googleapis.com/upload/sites/edufeatdemo2/versions/9f4bee69f9339ed0/files/ad7e259743685b4596bf392bb794987dbd4cbc96287c86af9e592f300c62f6ca [stream]
[debug] [2023-01-18T05:09:01.779Z] [uploadQueue] Retrying task 0e714ec4917ddf8cc685a7492bf99ad46db8766465019a2275a506d2e445dc06
[debug] [2023-01-18T05:09:01.781Z] >>> [apiv2][query] POST https://upload-firebasehosting.googleapis.com/upload/sites/edufeatdemo2/versions/9f4bee69f9339ed0/files/0e714ec4917ddf8cc685a7492bf99ad46db8766465019a2275a506d2e445dc06 [none]
[debug] [2023-01-18T05:09:01.781Z] >>> [apiv2][body] POST https://upload-firebasehosting.googleapis.com/upload/sites/edufeatdemo2/versions/9f4bee69f9339ed0/files/0e714ec4917ddf8cc685a7492bf99ad46db8766465019a2275a506d2e445dc06 [stream]
[debug] [2023-01-18T05:09:01.783Z] [uploadQueue] Retrying task ee1b9c072b6db071ede696fbb8b00d8316ea0f3d4d84849917c6df00363a052e
[debug] [2023-01-18T05:09:01.784Z] >>> [apiv2][query] POST https://upload-firebasehosting.googleapis.com/upload/sites/edufeatdemo2/versions/9f4bee69f9339ed0/files/ee1b9c072b6db071ede696fbb8b00d8316ea0f3d4d84849917c6df00363a052e [none]
[debug] [2023-01-18T05:09:01.784Z] >>> [apiv2][body] POST https://upload-firebasehosting.googleapis.com/upload/sites/edufeatdemo2/versions/9f4bee69f9339ed0/files/ee1b9c072b6db071ede696fbb8b00d8316ea0f3d4d84849917c6df00363a052e [stream]
[debug] [2023-01-18T05:09:01.785Z] [uploadQueue] Retrying task 526d047ee7f9656f911701c0633a716248d544aff52c3ab05c21037a3cfea0f0
[debug] [2023-01-18T05:09:01.785Z] >>> [apiv2][query] POST https://upload-firebasehosting.googleapis.com/upload/sites/edufeatdemo2/versions/9f4bee69f9339ed0/files/526d047ee7f9656f911701c0633a716248d544aff52c3ab05c21037a3cfea0f0 [none]
[debug] [2023-01-18T05:09:01.785Z] >>> [apiv2][body] POST https://upload-firebasehosting.googleapis.com/upload/sites/edufeatdemo2/versions/9f4bee69f9339ed0/files/526d047ee7f9656f911701c0633a716248d544aff52c3ab05c21037a3cfea0f0 [stream]
[debug] [2023-01-18T05:09:01.786Z] [uploadQueue] Retrying task 777ebc459cafd0f96e7bb73eb9c206cc1ca327de0b3655126d43e061aa941e5f
[debug] [2023-01-18T05:09:01.786Z] >>> [apiv2][query] POST https://upload-firebasehosting.googleapis.com/upload/sites/edufeatdemo2/versions/9f4bee69f9339ed0/files/777ebc459cafd0f96e7bb73eb9c206cc1ca327de0b3655126d43e061aa941e5f [none]
[debug] [2023-01-18T05:09:01.786Z] >>> [apiv2][body] POST https://upload-firebasehosting.googleapis.com/upload/sites/edufeatdemo2/versions/9f4bee69f9339ed0/files/777ebc459cafd0f96e7bb73eb9c206cc1ca327de0b3655126d43e061aa941e5f [stream]
[debug] [2023-01-18T05:09:01.787Z] [uploadQueue] Retrying task 3751c4be630eab18543a4cceb6f61c31d973e109eaed3d457fa4575bd19aa744
[debug] [2023-01-18T05:09:01.787Z] >>> [apiv2][query] POST https://upload-firebasehosting.googleapis.com/upload/sites/edufeatdemo2/versions/9f4bee69f9339ed0/files/3751c4be630eab18543a4cceb6f61c31d973e109eaed3d457fa4575bd19aa744 [none]
[debug] [2023-01-18T05:09:01.787Z] >>> [apiv2][body] POST https://upload-firebasehosting.googleapis.com/upload/sites/edufeatdemo2/versions/9f4bee69f9339ed0/files/3751c4be630eab18543a4cceb6f61c31d973e109eaed3d457fa4575bd19aa744 [stream]
[debug] [2023-01-18T05:09:01.787Z] [uploadQueue] Retrying task c66a06a578cc0cab59e43fbc0fbc63a181f65b11513dcf7f30d00ba8eb9a1d9d
[debug] [2023-01-18T05:09:01.788Z] >>> [apiv2][query] POST https://upload-firebasehosting.googleapis.com/upload/sites/edufeatdemo2/versions/9f4bee69f9339ed0/files/c66a06a578cc0cab59e43fbc0fbc63a181f65b11513dcf7f30d00ba8eb9a1d9d [none]
[debug] [2023-01-18T05:09:01.788Z] >>> [apiv2][body] POST https://upload-firebasehosting.googleapis.com/upload/sites/edufeatdemo2/versions/9f4bee69f9339ed0/files/c66a06a578cc0cab59e43fbc0fbc63a181f65b11513dcf7f30d00ba8eb9a1d9d [stream]
[debug] [2023-01-18T05:09:01.788Z] [uploadQueue] Retrying task 026065fc40f78376a4521138515aea4526105e27b2f1162f5dbb6aabe94ef04e
[debug] [2023-01-18T05:09:01.788Z] >>> [apiv2][query] POST https://upload-firebasehosting.googleapis.com/upload/sites/edufeatdemo2/versions/9f4bee69f9339ed0/files/026065fc40f78376a4521138515aea4526105e27b2f1162f5dbb6aabe94ef04e [none]
[debug] [2023-01-18T05:09:01.788Z] >>> [apiv2][body] POST https://upload-firebasehosting.googleapis.com/upload/sites/edufeatdemo2/versions/9f4bee69f9339ed0/files/026065fc40f78376a4521138515aea4526105e27b2f1162f5dbb6aabe94ef04e [stream]
[debug] [2023-01-18T05:09:01.790Z] [uploadQueue] Retrying task 80b51911277d3b6018287cceb1959590864f9e6f9d76953ad8e32084e733c5ec
[debug] [2023-01-18T05:09:01.791Z] >>> [apiv2][query] POST https://upload-firebasehosting.googleapis.com/upload/sites/edufeatdemo2/versions/9f4bee69f9339ed0/files/80b51911277d3b6018287cceb1959590864f9e6f9d76953ad8e32084e733c5ec [none]
[debug] [2023-01-18T05:09:01.791Z] >>> [apiv2][body] POST https://upload-firebasehosting.googleapis.com/upload/sites/edufeatdemo2/versions/9f4bee69f9339ed0/files/80b51911277d3b6018287cceb1959590864f9e6f9d76953ad8e32084e733c5ec [stream]
[debug] [2023-01-18T05:09:06.796Z] [uploadQueue] Retrying task 082f4dededa50e2f672a843409c22bc249148fd144018b1dbc629bdc05364450
[debug] [2023-01-18T05:09:06.797Z] >>> [apiv2][query] POST https://upload-firebasehosting.googleapis.com/upload/sites/edufeatdemo2/versions/9f4bee69f9339ed0/files/082f4dededa50e2f672a843409c22bc249148fd144018b1dbc629bdc05364450 [none]
[debug] [2023-01-18T05:09:06.798Z] >>> [apiv2][body] POST https://upload-firebasehosting.googleapis.com/upload/sites/edufeatdemo2/versions/9f4bee69f9339ed0/files/082f4dededa50e2f672a843409c22bc249148fd144018b1dbc629bdc05364450 [stream]
[debug] [2023-01-18T05:09:20.445Z] [uploadQueue] Retrying task 1c91cb1574a9b9ded61019cd01df445c95eda9012b052ceb43f80e813bd39551
[debug] [2023-01-18T05:09:20.447Z] >>> [apiv2][query] POST https://upload-firebasehosting.googleapis.com/upload/sites/edufeatdemo2/versions/9f4bee69f9339ed0/files/1c91cb1574a9b9ded61019cd01df445c95eda9012b052ceb43f80e813bd39551 [none]
[debug] [2023-01-18T05:09:20.447Z] >>> [apiv2][body] POST https://upload-firebasehosting.googleapis.com/upload/sites/edufeatdemo2/versions/9f4bee69f9339ed0/files/1c91cb1574a9b9ded61019cd01df445c95eda9012b052ceb43f80e813bd39551 [stream]
[debug] [2023-01-18T05:09:21.166Z] [uploadQueue] Retrying task 3751c4be630eab18543a4cceb6f61c31d973e109eaed3d457fa4575bd19aa744
[debug] [2023-01-18T05:09:21.167Z] >>> [apiv2][query] POST https://upload-firebasehosting.googleapis.com/upload/sites/edufeatdemo2/versions/9f4bee69f9339ed0/files/3751c4be630eab18543a4cceb6f61c31d973e109eaed3d457fa4575bd19aa744 [none]
[debug] [2023-01-18T05:09:21.168Z] >>> [apiv2][body] POST https://upload-firebasehosting.googleapis.com/upload/sites/edufeatdemo2/versions/9f4bee69f9339ed0/files/3751c4be630eab18543a4cceb6f61c31d973e109eaed3d457fa4575bd19aa744 [stream]
[debug] [2023-01-18T05:09:33.480Z] [uploadQueue] Retrying task a4470ed55b48e8fc5fc330692523ce13d17237888f7b3d27f42fa877fe2323f9
[debug] [2023-01-18T05:09:33.481Z] >>> [apiv2][query] POST https://upload-firebasehosting.googleapis.com/upload/sites/edufeatdemo2/versions/9f4bee69f9339ed0/files/a4470ed55b48e8fc5fc330692523ce13d17237888f7b3d27f42fa877fe2323f9 [none]
[debug] [2023-01-18T05:09:33.481Z] >>> [apiv2][body] POST https://upload-firebasehosting.googleapis.com/upload/sites/edufeatdemo2/versions/9f4bee69f9339ed0/files/a4470ed55b48e8fc5fc330692523ce13d17237888f7b3d27f42fa877fe2323f9 [stream]
[debug] [2023-01-18T05:09:38.197Z] [uploadQueue] Retrying task 0e714ec4917ddf8cc685a7492bf99ad46db8766465019a2275a506d2e445dc06
[debug] [2023-01-18T05:09:38.197Z] >>> [apiv2][query] POST https://upload-firebasehosting.googleapis.com/upload/sites/edufeatdemo2/versions/9f4bee69f9339ed0/files/0e714ec4917ddf8cc685a7492bf99ad46db8766465019a2275a506d2e445dc06 [none]
[debug] [2023-01-18T05:09:38.198Z] >>> [apiv2][body] POST https://upload-firebasehosting.googleapis.com/upload/sites/edufeatdemo2/versions/9f4bee69f9339ed0/files/0e714ec4917ddf8cc685a7492bf99ad46db8766465019a2275a506d2e445dc06 [stream]
[debug] [2023-01-18T05:09:38.199Z] [uploadQueue] Retrying task ee1b9c072b6db071ede696fbb8b00d8316ea0f3d4d84849917c6df00363a052e
[debug] [2023-01-18T05:09:38.199Z] >>> [apiv2][query] POST https://upload-firebasehosting.googleapis.com/upload/sites/edufeatdemo2/versions/9f4bee69f9339ed0/files/ee1b9c072b6db071ede696fbb8b00d8316ea0f3d4d84849917c6df00363a052e [none]
[debug] [2023-01-18T05:09:38.199Z] >>> [apiv2][body] POST https://upload-firebasehosting.googleapis.com/upload/sites/edufeatdemo2/versions/9f4bee69f9339ed0/files/ee1b9c072b6db071ede696fbb8b00d8316ea0f3d4d84849917c6df00363a052e [stream]
[debug] [2023-01-18T05:09:38.200Z] [uploadQueue] Retrying task 526d047ee7f9656f911701c0633a716248d544aff52c3ab05c21037a3cfea0f0
[debug] [2023-01-18T05:09:38.200Z] >>> [apiv2][query] POST https://upload-firebasehosting.googleapis.com/upload/sites/edufeatdemo2/versions/9f4bee69f9339ed0/files/526d047ee7f9656f911701c0633a716248d544aff52c3ab05c21037a3cfea0f0 [none]
[debug] [2023-01-18T05:09:38.200Z] >>> [apiv2][body] POST https://upload-firebasehosting.googleapis.com/upload/sites/edufeatdemo2/versions/9f4bee69f9339ed0/files/526d047ee7f9656f911701c0633a716248d544aff52c3ab05c21037a3cfea0f0 [stream]
[debug] [2023-01-18T05:09:38.201Z] [uploadQueue] Retrying task 777ebc459cafd0f96e7bb73eb9c206cc1ca327de0b3655126d43e061aa941e5f
[debug] [2023-01-18T05:09:38.201Z] >>> [apiv2][query] POST https://upload-firebasehosting.googleapis.com/upload/sites/edufeatdemo2/versions/9f4bee69f9339ed0/files/777ebc459cafd0f96e7bb73eb9c206cc1ca327de0b3655126d43e061aa941e5f [none]
[debug] [2023-01-18T05:09:38.201Z] >>> [apiv2][body] POST https://upload-firebasehosting.googleapis.com/upload/sites/edufeatdemo2/versions/9f4bee69f9339ed0/files/777ebc459cafd0f96e7bb73eb9c206cc1ca327de0b3655126d43e061aa941e5f [stream]
[debug] [2023-01-18T05:09:38.202Z] [uploadQueue] Retrying task c66a06a578cc0cab59e43fbc0fbc63a181f65b11513dcf7f30d00ba8eb9a1d9d
[debug] [2023-01-18T05:09:38.202Z] >>> [apiv2][query] POST https://upload-firebasehosting.googleapis.com/upload/sites/edufeatdemo2/versions/9f4bee69f9339ed0/files/c66a06a578cc0cab59e43fbc0fbc63a181f65b11513dcf7f30d00ba8eb9a1d9d [none]
[debug] [2023-01-18T05:09:38.202Z] >>> [apiv2][body] POST https://upload-firebasehosting.googleapis.com/upload/sites/edufeatdemo2/versions/9f4bee69f9339ed0/files/c66a06a578cc0cab59e43fbc0fbc63a181f65b11513dcf7f30d00ba8eb9a1d9d [stream]
[debug] [2023-01-18T05:09:38.203Z] [uploadQueue] Retrying task 026065fc40f78376a4521138515aea4526105e27b2f1162f5dbb6aabe94ef04e
[debug] [2023-01-18T05:09:38.203Z] >>> [apiv2][query] POST https://upload-firebasehosting.googleapis.com/upload/sites/edufeatdemo2/versions/9f4bee69f9339ed0/files/026065fc40f78376a4521138515aea4526105e27b2f1162f5dbb6aabe94ef04e [none]
[debug] [2023-01-18T05:09:38.203Z] >>> [apiv2][body] POST https://upload-firebasehosting.googleapis.com/upload/sites/edufeatdemo2/versions/9f4bee69f9339ed0/files/026065fc40f78376a4521138515aea4526105e27b2f1162f5dbb6aabe94ef04e [stream]
[debug] [2023-01-18T05:09:38.204Z] [uploadQueue] Retrying task 80b51911277d3b6018287cceb1959590864f9e6f9d76953ad8e32084e733c5ec
[debug] [2023-01-18T05:09:38.204Z] >>> [apiv2][query] POST https://upload-firebasehosting.googleapis.com/upload/sites/edufeatdemo2/versions/9f4bee69f9339ed0/files/80b51911277d3b6018287cceb1959590864f9e6f9d76953ad8e32084e733c5ec [none]
[debug] [2023-01-18T05:09:38.204Z] >>> [apiv2][body] POST https://upload-firebasehosting.googleapis.com/upload/sites/edufeatdemo2/versions/9f4bee69f9339ed0/files/80b51911277d3b6018287cceb1959590864f9e6f9d76953ad8e32084e733c5ec [stream]
[debug] [2023-01-18T05:09:44.264Z] [uploadQueue] Retrying task ad7e259743685b4596bf392bb794987dbd4cbc96287c86af9e592f300c62f6ca
[debug] [2023-01-18T05:09:44.267Z] >>> [apiv2][query] POST https://upload-firebasehosting.googleapis.com/upload/sites/edufeatdemo2/versions/9f4bee69f9339ed0/files/ad7e259743685b4596bf392bb794987dbd4cbc96287c86af9e592f300c62f6ca [none]
[debug] [2023-01-18T05:09:44.267Z] >>> [apiv2][body] POST https://upload-firebasehosting.googleapis.com/upload/sites/edufeatdemo2/versions/9f4bee69f9339ed0/files/ad7e259743685b4596bf392bb794987dbd4cbc96287c86af9e592f300c62f6ca [stream]
[debug] Task 3751c4be630eab18543a4cceb6f61c31d973e109eaed3d457fa4575bd19aa744 failed: retries exhausted after 6 attempts, with error: Timeout reached making request to https://upload-firebasehosting.googleapis.com/upload/sites/edufeatdemo2/versions/9f4bee69f9339ed0/files/3751c4be630eab18543a4cceb6f61c31d973e109eaed3d457fa4575bd19aa744
[debug] [2023-01-18T05:09:51.180Z] [hosting][upload queue][FINAL] {"max":0,"min":9999999999,"avg":0,"active":13,"complete":1,"success":0,"errored":1,"retried":55,"total":14,"elapsed":175490}
[debug] [2023-01-18T05:09:56.199Z] Error: Timed out.
    at Timeout._onTimeout (C:\Users\lokes\AppData\Roaming\npm\node_modules\firebase-tools\lib\utils.js:253:49)
    at listOnTimeout (node:internal/timers:557:17)
    at processTimers (node:internal/timers:500:7)
[error] 
[error] Error: An unexpected error has occurred.
